{"/mnt/c/Users/cmpnn/Downloads/CI-CD/logic.js": {"path":"/mnt/c/Users/cmpnn/Downloads/CI-CD/logic.js","statementMap":{"0":{"start":{"line":7,"column":4},"end":{"line":7,"column":30}},"1":{"start":{"line":8,"column":4},"end":{"line":8,"column":27}},"2":{"start":{"line":9,"column":4},"end":{"line":9,"column":24}},"3":{"start":{"line":13,"column":4},"end":{"line":13,"column":22}},"4":{"start":{"line":17,"column":4},"end":{"line":17,"column":50}},"5":{"start":{"line":18,"column":4},"end":{"line":18,"column":53}},"6":{"start":{"line":18,"column":41},"end":{"line":18,"column":51}},"7":{"start":{"line":22,"column":4},"end":{"line":22,"column":34}},"8":{"start":{"line":23,"column":4},"end":{"line":25,"column":6}},"9":{"start":{"line":24,"column":6},"end":{"line":24,"column":68}},"10":{"start":{"line":24,"column":52},"end":{"line":24,"column":66}},"11":{"start":{"line":30,"column":22},"end":{"line":33,"column":2}},"12":{"start":{"line":30,"column":33},"end":{"line":33,"column":1}},"13":{"start":{"line":34,"column":25},"end":{"line":37,"column":2}},"14":{"start":{"line":34,"column":34},"end":{"line":37,"column":1}},"15":{"start":{"line":38,"column":27},"end":{"line":41,"column":2}},"16":{"start":{"line":38,"column":36},"end":{"line":41,"column":1}},"17":{"start":{"line":45,"column":2},"end":{"line":58,"column":3}},"18":{"start":{"line":47,"column":6},"end":{"line":47,"column":47}},"19":{"start":{"line":48,"column":6},"end":{"line":48,"column":49}},"20":{"start":{"line":50,"column":6},"end":{"line":50,"column":50}},"21":{"start":{"line":51,"column":6},"end":{"line":51,"column":50}},"22":{"start":{"line":53,"column":6},"end":{"line":53,"column":52}},"23":{"start":{"line":54,"column":6},"end":{"line":54,"column":52}},"24":{"start":{"line":56,"column":6},"end":{"line":56,"column":39}},"25":{"start":{"line":57,"column":6},"end":{"line":57,"column":19}},"26":{"start":{"line":63,"column":2},"end":{"line":69,"column":4}},"27":{"start":{"line":73,"column":2},"end":{"line":76,"column":4}},"28":{"start":{"line":75,"column":40},"end":{"line":75,"column":54}},"29":{"start":{"line":80,"column":2},"end":{"line":88,"column":4}},"30":{"start":{"line":83,"column":6},"end":{"line":85,"column":7}},"31":{"start":{"line":84,"column":8},"end":{"line":84,"column":41}},"32":{"start":{"line":86,"column":6},"end":{"line":86,"column":18}},"33":{"start":{"line":91,"column":0},"end":{"line":98,"column":2}}},"fnMap":{"0":{"name":"(anonymous_0)","decl":{"start":{"line":6,"column":2},"end":{"line":6,"column":3}},"loc":{"start":{"line":6,"column":53},"end":{"line":10,"column":3}},"line":6},"1":{"name":"(anonymous_1)","decl":{"start":{"line":12,"column":2},"end":{"line":12,"column":3}},"loc":{"start":{"line":12,"column":13},"end":{"line":14,"column":3}},"line":12},"2":{"name":"(anonymous_2)","decl":{"start":{"line":16,"column":2},"end":{"line":16,"column":3}},"loc":{"start":{"line":16,"column":19},"end":{"line":19,"column":3}},"line":16},"3":{"name":"(anonymous_3)","decl":{"start":{"line":18,"column":27},"end":{"line":18,"column":28}},"loc":{"start":{"line":18,"column":41},"end":{"line":18,"column":51}},"line":18},"4":{"name":"(anonymous_4)","decl":{"start":{"line":21,"column":2},"end":{"line":21,"column":3}},"loc":{"start":{"line":21,"column":22},"end":{"line":26,"column":3}},"line":21},"5":{"name":"(anonymous_5)","decl":{"start":{"line":23,"column":11},"end":{"line":23,"column":12}},"loc":{"start":{"line":23,"column":17},"end":{"line":25,"column":5}},"line":23},"6":{"name":"(anonymous_6)","decl":{"start":{"line":24,"column":45},"end":{"line":24,"column":46}},"loc":{"start":{"line":24,"column":52},"end":{"line":24,"column":66}},"line":24},"7":{"name":"(anonymous_7)","decl":{"start":{"line":30,"column":22},"end":{"line":30,"column":23}},"loc":{"start":{"line":30,"column":33},"end":{"line":33,"column":1}},"line":30},"8":{"name":"(anonymous_8)","decl":{"start":{"line":34,"column":25},"end":{"line":34,"column":26}},"loc":{"start":{"line":34,"column":34},"end":{"line":37,"column":1}},"line":34},"9":{"name":"(anonymous_9)","decl":{"start":{"line":38,"column":27},"end":{"line":38,"column":28}},"loc":{"start":{"line":38,"column":36},"end":{"line":41,"column":1}},"line":38},"10":{"name":"reducer","decl":{"start":{"line":44,"column":9},"end":{"line":44,"column":16}},"loc":{"start":{"line":44,"column":48},"end":{"line":59,"column":1}},"line":44},"11":{"name":"addTodo","decl":{"start":{"line":62,"column":9},"end":{"line":62,"column":16}},"loc":{"start":{"line":62,"column":30},"end":{"line":70,"column":1}},"line":62},"12":{"name":"deleteTodo","decl":{"start":{"line":72,"column":9},"end":{"line":72,"column":19}},"loc":{"start":{"line":72,"column":31},"end":{"line":77,"column":1}},"line":72},"13":{"name":"(anonymous_13)","decl":{"start":{"line":75,"column":30},"end":{"line":75,"column":31}},"loc":{"start":{"line":75,"column":40},"end":{"line":75,"column":54}},"line":75},"14":{"name":"completeTodo","decl":{"start":{"line":79,"column":9},"end":{"line":79,"column":21}},"loc":{"start":{"line":79,"column":33},"end":{"line":89,"column":1}},"line":79},"15":{"name":"(anonymous_15)","decl":{"start":{"line":82,"column":27},"end":{"line":82,"column":28}},"loc":{"start":{"line":82,"column":37},"end":{"line":87,"column":5}},"line":82}},"branchMap":{"0":{"loc":{"start":{"line":6,"column":23},"end":{"line":6,"column":51}},"type":"default-arg","locations":[{"start":{"line":6,"column":38},"end":{"line":6,"column":51}}],"line":6},"1":{"loc":{"start":{"line":44,"column":17},"end":{"line":44,"column":38}},"type":"default-arg","locations":[{"start":{"line":44,"column":25},"end":{"line":44,"column":38}}],"line":44},"2":{"loc":{"start":{"line":45,"column":2},"end":{"line":58,"column":3}},"type":"switch","locations":[{"start":{"line":46,"column":4},"end":{"line":48,"column":49}},{"start":{"line":49,"column":4},"end":{"line":51,"column":50}},{"start":{"line":52,"column":4},"end":{"line":54,"column":52}},{"start":{"line":55,"column":4},"end":{"line":57,"column":19}}],"line":45},"3":{"loc":{"start":{"line":83,"column":6},"end":{"line":85,"column":7}},"type":"if","locations":[{"start":{"line":83,"column":6},"end":{"line":85,"column":7}},{"start":{},"end":{}}],"line":83}},"s":{"0":0,"1":0,"2":0,"3":0,"4":0,"5":0,"6":0,"7":0,"8":0,"9":0,"10":0,"11":2,"12":0,"13":2,"14":0,"15":2,"16":0,"17":0,"18":0,"19":0,"20":0,"21":0,"22":0,"23":0,"24":0,"25":0,"26":0,"27":1,"28":1,"29":1,"30":1,"31":1,"32":1,"33":2},"f":{"0":0,"1":0,"2":0,"3":0,"4":0,"5":0,"6":0,"7":0,"8":0,"9":0,"10":0,"11":0,"12":1,"13":1,"14":1,"15":1},"b":{"0":[0],"1":[0],"2":[0,0,0,0],"3":[1,0]},"_coverageSchema":"1a1c01bbd47fc00a2c39e90264f33305004495a9","hash":"7f083c412ecc5c6e69648553d50e2dff673a5cf6"}
}
