TN:
SF:logic.js
FN:6,(anonymous_0)
FN:12,(anonymous_1)
FN:16,(anonymous_2)
FN:18,(anonymous_3)
FN:21,(anonymous_4)
FN:23,(anonymous_5)
FN:24,(anonymous_6)
FN:30,(anonymous_7)
FN:34,(anonymous_8)
FN:38,(anonymous_9)
FN:44,reducer
FN:62,addTodo
FN:72,deleteTodo
FN:75,(anonymous_13)
FN:79,completeTodo
FN:82,(anonymous_15)
FNF:16
FNH:4
FNDA:0,(anonymous_0)
FNDA:0,(anonymous_1)
FNDA:0,(anonymous_2)
FNDA:0,(anonymous_3)
FNDA:0,(anonymous_4)
FNDA:0,(anonymous_5)
FNDA:0,(anonymous_6)
FNDA:0,(anonymous_7)
FNDA:0,(anonymous_8)
FNDA:0,(anonymous_9)
FNDA:0,reducer
FNDA:0,addTodo
FNDA:1,deleteTodo
FNDA:1,(anonymous_13)
FNDA:1,completeTodo
FNDA:1,(anonymous_15)
DA:7,0
DA:8,0
DA:9,0
DA:13,0
DA:17,0
DA:18,0
DA:22,0
DA:23,0
DA:24,0
DA:30,2
DA:34,2
DA:38,2
DA:45,0
DA:47,0
DA:48,0
DA:50,0
DA:51,0
DA:53,0
DA:54,0
DA:56,0
DA:57,0
DA:63,0
DA:73,1
DA:75,1
DA:80,1
DA:83,1
DA:84,1
DA:86,1
DA:91,2
LF:29
LH:10
BRDA:6,0,0,0
BRDA:44,1,0,0
BRDA:45,2,0,0
BRDA:45,2,1,0
BRDA:45,2,2,0
BRDA:45,2,3,0
BRDA:83,3,0,1
BRDA:83,3,1,0
BRF:8
BRH:1
end_of_record
